\BOOKMARK [1][-]{section.1}{\376\377\004\030\004\101\004\101\004\073\004\065\004\064\004\076\004\062\004\060\004\075\004\070\004\065\000\040\004\077\004\100\004\076\004\106\004\065\004\101\004\101\004\076\004\062\000\040\004\076\004\061\004\075\004\060\004\100\004\103\004\066\004\065\004\075\004\070\004\117\000,\000\040\004\101\004\076\004\077\004\100\004\117\004\066\004\065\004\075\004\070\004\117\000\040\004\070\000\040\004\103\004\101\004\102\004\060\004\075\004\076\004\062\004\073\004\065\004\075\004\070\004\117\000\040\004\101\004\076\004\065\004\064\004\070\004\075\004\065\004\075\004\070\004\117\000\040\004\062\000\040\004\101\004\065\004\102\004\117\004\105\000\040\000B\000l\000u\000e\000t\000o\000o\000t\000h}{}% 1
\BOOKMARK [2][-]{subsection.1.1}{\376\377\004\046\004\065\004\073\004\114\000\040\004\100\004\060\004\061\004\076\004\102\004\113}{section.1}% 2
\BOOKMARK [2][-]{subsection.1.2}{\376\377\004\027\004\060\004\064\004\060\004\107\004\070}{section.1}% 3
\BOOKMARK [2][-]{subsection.1.3}{\376\377\004\042\004\065\004\076\004\100\004\065\004\102\004\070\004\107\004\065\004\101\004\072\004\070\004\071\000\040\004\074\004\060\004\102\004\065\004\100\004\070\004\060\004\073}{section.1}% 4
\BOOKMARK [2][-]{subsection.1.4}{\376\377\004\037\004\076\004\100\004\117\004\064\004\076\004\072\000\040\004\062\004\113\004\077\004\076\004\073\004\075\004\065\004\075\004\070\004\117\000\040\004\073\004\060\004\061\004\076\004\100\004\060\004\102\004\076\004\100\004\075\004\076\004\071\000\040\004\100\004\060\004\061\004\076\004\102\004\113}{section.1}% 5
\BOOKMARK [2][-]{subsection.1.5}{\376\377\004\041\004\076\004\064\004\065\004\100\004\066\004\060\004\075\004\070\004\065\000\040\004\076\004\102\004\107\004\065\004\102\004\060}{section.1}% 6
\BOOKMARK [1][-]{section.2}{\376\377\004\030\004\101\004\101\004\073\004\065\004\064\004\076\004\062\004\060\004\075\004\070\004\065\000\040\004\060\004\100\004\105\004\070\004\102\004\065\004\072\004\102\004\103\004\100\004\113\000\040\004\077\004\070\004\072\004\076\004\101\004\065\004\102\004\070\000\040\000B\000l\000u\000e\000t\000o\000o\000t\000h\000\040\004\070\000\040\004\076\004\100\004\063\004\060\004\075\004\070\004\067\004\060\004\106\004\070\004\117\000\040\004\076\004\061\004\074\004\065\004\075\004\060\000\040\004\064\004\060\004\075\004\075\004\113\004\074\004\070\000\040\004\107\004\065\004\100\004\065\004\067\000\040\000R\000F\000C\000O\000M\000M}{}% 7
\BOOKMARK [2][-]{subsection.2.1}{\376\377\004\046\004\065\004\073\004\114\000\040\004\100\004\060\004\061\004\076\004\102\004\113}{section.2}% 8
\BOOKMARK [2][-]{subsection.2.2}{\376\377\004\027\004\060\004\064\004\060\004\107\004\070}{section.2}% 9
\BOOKMARK [2][-]{subsection.2.3}{\376\377\004\042\004\065\004\076\004\100\004\065\004\102\004\070\004\107\004\065\004\101\004\072\004\070\004\071\000\040\004\074\004\060\004\102\004\065\004\100\004\070\004\060\004\073}{section.2}% 10
\BOOKMARK [2][-]{subsection.2.4}{\376\377\004\037\004\076\004\100\004\117\004\064\004\076\004\072\000\040\004\062\004\113\004\077\004\076\004\073\004\075\004\065\004\075\004\070\004\117\000\040\004\073\004\060\004\061\004\076\004\100\004\060\004\102\004\076\004\100\004\075\004\076\004\071\000\040\004\100\004\060\004\061\004\076\004\102\004\113}{section.2}% 11
\BOOKMARK [2][-]{subsection.2.5}{\376\377\004\041\004\076\004\064\004\065\004\100\004\066\004\060\004\075\004\070\004\065\000\040\004\076\004\102\004\107\004\065\004\102\004\060}{section.2}% 12
\BOOKMARK [1][-]{section.3}{\376\377\004\020\004\075\004\060\004\073\004\070\004\067\000\040\004\102\004\100\004\060\004\104\004\070\004\072\004\060\000\040\000B\000l\000u\000e\000t\000o\000o\000t\000h\000\040\004\101\000\040\004\070\004\101\004\077\004\076\004\073\004\114\004\067\004\076\004\062\004\060\004\075\004\070\004\065\004\074\000\040\000W\000i\000r\000e\000s\000h\000a\000r\000k}{}% 13
\BOOKMARK [2][-]{subsection.3.1}{\376\377\004\046\004\065\004\073\004\114\000\040\004\100\004\060\004\061\004\076\004\102\004\113}{section.3}% 14
\BOOKMARK [2][-]{subsection.3.2}{\376\377\004\027\004\060\004\064\004\060\004\107\004\070}{section.3}% 15
\BOOKMARK [2][-]{subsection.3.3}{\376\377\004\042\004\065\004\076\004\100\004\065\004\102\004\070\004\107\004\065\004\101\004\072\004\070\004\071\000\040\004\074\004\060\004\102\004\065\004\100\004\070\004\060\004\073}{section.3}% 16
\BOOKMARK [2][-]{subsection.3.4}{\376\377\004\037\004\076\004\100\004\117\004\064\004\076\004\072\000\040\004\062\004\113\004\077\004\076\004\073\004\075\004\065\004\075\004\070\004\117\000\040\004\073\004\060\004\061\004\076\004\100\004\060\004\102\004\076\004\100\004\075\004\076\004\071\000\040\004\100\004\060\004\061\004\076\004\102\004\113}{section.3}% 17
\BOOKMARK [2][-]{subsection.3.5}{\376\377\004\041\004\076\004\064\004\065\004\100\004\066\004\060\004\075\004\070\004\065\000\040\004\076\004\102\004\107\004\065\004\102\004\060}{section.3}% 18
\BOOKMARK [1][-]{section.4}{\376\377\004\036\004\100\004\063\004\060\004\075\004\070\004\067\004\060\004\106\004\070\004\117\000\040\004\103\004\064\004\060\004\073\004\065\004\075\004\075\004\076\004\063\004\076\000\040\004\062\004\113\004\077\004\076\004\073\004\075\004\065\004\075\004\070\004\117\000\040\004\072\004\076\004\074\004\060\004\075\004\064\000\040\004\107\004\065\004\100\004\065\004\067\000\040\000B\000l\000u\000e\000t\000o\000o\000t\000h\000-\004\074\004\076\004\101\004\102\000\040\004\075\004\060\000\040\004\061\004\060\004\067\004\065\000\040\000E\000S\000P\0003\0002}{}% 19
\BOOKMARK [2][-]{subsection.4.1}{\376\377\004\046\004\065\004\073\004\114\000\040\004\100\004\060\004\061\004\076\004\102\004\113}{section.4}% 20
\BOOKMARK [2][-]{subsection.4.2}{\376\377\004\027\004\060\004\064\004\060\004\107\004\070}{section.4}% 21
\BOOKMARK [2][-]{subsection.4.3}{\376\377\004\042\004\065\004\076\004\100\004\065\004\102\004\070\004\107\004\065\004\101\004\072\004\070\004\071\000\040\004\074\004\060\004\102\004\065\004\100\004\070\004\060\004\073}{section.4}% 22
\BOOKMARK [2][-]{subsection.4.4}{\376\377\004\037\004\076\004\100\004\117\004\064\004\076\004\072\000\040\004\062\004\113\004\077\004\076\004\073\004\075\004\065\004\075\004\070\004\117\000\040\004\073\004\060\004\061\004\076\004\100\004\060\004\102\004\076\004\100\004\075\004\076\004\071\000\040\004\100\004\060\004\061\004\076\004\102\004\113}{section.4}% 23
\BOOKMARK [2][-]{subsection.4.5}{\376\377\004\041\004\076\004\064\004\065\004\100\004\066\004\060\004\075\004\070\004\065\000\040\004\076\004\102\004\107\004\065\004\102\004\060}{section.4}% 24
\BOOKMARK [1][-]{section.5}{\376\377\004\030\004\101\004\101\004\073\004\065\004\064\004\076\004\062\004\060\004\075\004\070\004\065\000\040\004\060\004\100\004\105\004\070\004\102\004\065\004\072\004\102\004\103\004\100\004\113\000\040\000B\000l\000u\000e\000t\000o\000o\000t\000h\000\040\000L\000o\000w\000\040\000E\000n\000e\000r\000g\000y\000\040\000\050\000B\000L\000E\000\051\000\040\004\070\000\040\004\100\004\065\004\060\004\073\004\070\004\067\004\060\004\106\004\070\004\117\000\040\004\072\004\060\004\101\004\102\004\076\004\074\004\075\004\113\004\105\000\040\004\077\004\100\004\076\004\104\004\070\004\073\004\065\004\071\000\040\000G\000A\000T\000T}{}% 25
\BOOKMARK [2][-]{subsection.5.1}{\376\377\004\046\004\065\004\073\004\114\000\040\004\100\004\060\004\061\004\076\004\102\004\113}{section.5}% 26
\BOOKMARK [2][-]{subsection.5.2}{\376\377\004\027\004\060\004\064\004\060\004\107\004\070}{section.5}% 27
\BOOKMARK [2][-]{subsection.5.3}{\376\377\004\042\004\065\004\076\004\100\004\065\004\102\004\070\004\107\004\065\004\101\004\072\004\070\004\071\000\040\004\074\004\060\004\102\004\065\004\100\004\070\004\060\004\073}{section.5}% 28
\BOOKMARK [2][-]{subsection.5.4}{\376\377\004\037\004\076\004\100\004\117\004\064\004\076\004\072\000\040\004\062\004\113\004\077\004\076\004\073\004\075\004\065\004\075\004\070\004\117\000\040\004\073\004\060\004\061\004\076\004\100\004\060\004\102\004\076\004\100\004\075\004\076\004\071\000\040\004\100\004\060\004\061\004\076\004\102\004\113}{section.5}% 29
\BOOKMARK [2][-]{subsection.5.5}{\376\377\004\041\004\076\004\064\004\065\004\100\004\066\004\060\004\075\004\070\004\065\000\040\004\076\004\102\004\107\004\065\004\102\004\060}{section.5}% 30
\BOOKMARK [1][-]{section.6}{\376\377\004\041\004\100\004\060\004\062\004\075\004\065\004\075\004\070\004\065\000\040\004\101\004\072\004\076\004\100\004\076\004\101\004\102\004\075\004\113\004\105\000\040\004\105\004\060\004\100\004\060\004\072\004\102\004\065\004\100\004\070\004\101\004\102\004\070\004\072\000\040\004\077\004\100\004\076\004\102\004\076\004\072\004\076\004\073\004\076\004\062\000\040\000B\000l\000u\000e\000t\000o\000o\000t\000h\000\040\000\050\000B\000R\000,\000\040\000E\000D\000R\000,\000\040\000B\000L\000E\000\051}{}% 31
\BOOKMARK [2][-]{subsection.6.1}{\376\377\004\046\004\065\004\073\004\114\000\040\004\100\004\060\004\061\004\076\004\102\004\113}{section.6}% 32
\BOOKMARK [2][-]{subsection.6.2}{\376\377\004\027\004\060\004\064\004\060\004\107\004\070}{section.6}% 33
\BOOKMARK [2][-]{subsection.6.3}{\376\377\004\042\004\065\004\076\004\100\004\065\004\102\004\070\004\107\004\065\004\101\004\072\004\070\004\071\000\040\004\074\004\060\004\102\004\065\004\100\004\070\004\060\004\073}{section.6}% 34
\BOOKMARK [2][-]{subsection.6.4}{\376\377\004\037\004\076\004\100\004\117\004\064\004\076\004\072\000\040\004\062\004\113\004\077\004\076\004\073\004\075\004\065\004\075\004\070\004\117\000\040\004\073\004\060\004\061\004\076\004\100\004\060\004\102\004\076\004\100\004\075\004\076\004\071\000\040\004\100\004\060\004\061\004\076\004\102\004\113}{section.6}% 35
\BOOKMARK [2][-]{subsection.6.5}{\376\377\004\041\004\076\004\064\004\065\004\100\004\066\004\060\004\075\004\070\004\065\000\040\004\076\004\102\004\107\004\065\004\102\004\060}{section.6}% 36
